Using pre-set license
Built from '2020.3/staging' branch; Version is '2020.3.0f1 (c7b5465681fb) revision 13088070'; Using compiler version '192528614'; Build Type 'Release'
OS: 'Windows 10 Pro; OS build 19042.867; Version 2009; 64bit' Language: 'en' Physical Memory: 65448 MB
BatchMode: 1, IsHumanControllingUs: 0, StartBugReporterOnCrash: 0, Is64bit: 1, IsPro: 0

 COMMAND LINE ARGUMENTS:
E:\Programs\Unity\2020.3.0f1\Editor\Unity.exe
-adb2
-batchMode
-noUpm
-name
AssetImportWorker0
-projectPath
E:/Documents/School/Spring 2021/Game Development/Danger-Close/Danger Close
-logFile
Logs/AssetImportWorker0.log
-srvPort
52199
Successfully changed project path to: E:/Documents/School/Spring 2021/Game Development/Danger-Close/Danger Close
E:/Documents/School/Spring 2021/Game Development/Danger-Close/Danger Close
Using Asset Import Pipeline V2.
Refreshing native plugins compatible for Editor in 22.33 ms, found 0 plugins.
Preloading 0 native plugins for Editor in 0.00 ms.
Initialize engine version: 2020.3.0f1 (c7b5465681fb)
[Subsystems] Discovering subsystems at path E:/Programs/Unity/2020.3.0f1/Editor/Data/Resources/UnitySubsystems
[Subsystems] Discovering subsystems at path E:/Documents/School/Spring 2021/Game Development/Danger-Close/Danger Close/Assets
GfxDevice: creating device client; threaded=0
Direct3D:
    Version:  Direct3D 11.0 [level 11.1]
    Renderer: NVIDIA GeForce GTX 1080 (ID=0x1b80)
    Vendor:   
    VRAM:     8079 MB
    Driver:   27.21.14.6172
Initialize mono
Mono path[0] = 'E:/Programs/Unity/2020.3.0f1/Editor/Data/Managed'
Mono path[1] = 'E:/Programs/Unity/2020.3.0f1/Editor/Data/MonoBleedingEdge/lib/mono/unityjit'
Mono config path = 'E:/Programs/Unity/2020.3.0f1/Editor/Data/MonoBleedingEdge/etc'
Using monoOptions --debugger-agent=transport=dt_socket,embedding=1,server=y,suspend=n,address=127.0.0.1:56984
Begin MonoManager ReloadAssembly
Registering precompiled unity dll's ...
Register platform support module: E:/Programs/Unity/2020.3.0f1/Editor/Data/PlaybackEngines/WindowsStandaloneSupport/UnityEditor.WindowsStandalone.Extensions.dll
Registered in 0.001290 seconds.
Native extension for WindowsStandalone target not found
Refreshing native plugins compatible for Editor in 21.95 ms, found 0 plugins.
Preloading 0 native plugins for Editor in 0.00 ms.
Invoked RoslynAnalysisRunner static constructor.
RoslynAnalysisRunner will not be running.
RoslynAnalysisRunner has terminated.
Mono: successfully reloaded assembly
- Completed reload, in  1.167 seconds
Platform modules already initialized, skipping
Registering precompiled user dll's ...
Registered in 0.000657 seconds.
Begin MonoManager ReloadAssembly
Native extension for WindowsStandalone target not found
Refreshing native plugins compatible for Editor in 0.18 ms, found 0 plugins.
Preloading 0 native plugins for Editor in 0.00 ms.
Invoked RoslynAnalysisRunner static constructor.
RoslynAnalysisRunner will not be running.
RoslynAnalysisRunner has terminated.
Mono: successfully reloaded assembly
- Completed reload, in  0.812 seconds
Platform modules already initialized, skipping
========================================================================
Worker process is ready to serve import requests
Launched and connected shader compiler UnityShaderCompiler.exe after 0.04 seconds
Refreshing native plugins compatible for Editor in 0.18 ms, found 0 plugins.
Preloading 0 native plugins for Editor in 0.00 ms.
Unloading 1113 Unused Serialized files (Serialized files now loaded: 0)
System memory in use before: 57.2 MB.
System memory in use after: 57.3 MB.

Unloading 10 unused Assets to reduce memory usage. Loaded Objects now: 1555.
Total: 1.573200 ms (FindLiveObjects: 0.187000 ms CreateObjectMapping: 0.077800 ms MarkObjects: 1.242000 ms  DeleteObjects: 0.065500 ms)

========================================================================
Received Import Request.
  path: Assets
  artifactKey: Guid(00000000000000001000000000000000) Importer(815301076,1909f56bfc062723c751e8b465ee728b)
Start importing Assets using Guid(00000000000000001000000000000000) Importer(815301076,1909f56bfc062723c751e8b465ee728b)  -> (artifact id: '42baae205c97e3337697759514652acd') in 0.011143 seconds
  Import took 0.012879 seconds .

========================================================================
Received Import Request.
  Time since last request: 0.220993 seconds.
  path: Assets/Scripts
  artifactKey: Guid(d9fdbbeb55b0db24da69a8c6ca213def) Importer(815301076,1909f56bfc062723c751e8b465ee728b)
Start importing Assets/Scripts using Guid(d9fdbbeb55b0db24da69a8c6ca213def) Importer(815301076,1909f56bfc062723c751e8b465ee728b)  -> (artifact id: '1bedc43fb80e87529ee9a1bca15b517e') in 0.006078 seconds
  Import took 0.007769 seconds .

========================================================================
Received Import Request.
  Time since last request: 0.000639 seconds.
  path: Assets/Scripts
  artifactKey: Guid(d9fdbbeb55b0db24da69a8c6ca213def) Importer(815301076,1909f56bfc062723c751e8b465ee728b)
Start importing Assets/Scripts using Guid(d9fdbbeb55b0db24da69a8c6ca213def) Importer(815301076,1909f56bfc062723c751e8b465ee728b)  -> (artifact id: '1bedc43fb80e87529ee9a1bca15b517e') in 0.003549 seconds
  Import took 0.005208 seconds .

========================================================================
Received Import Request.
  Time since last request: 4.224734 seconds.
  path: Assets/Audio
  artifactKey: Guid(f182b93c4b211b141abaa90818a15ade) Importer(815301076,1909f56bfc062723c751e8b465ee728b)
Start importing Assets/Audio using Guid(f182b93c4b211b141abaa90818a15ade) Importer(815301076,1909f56bfc062723c751e8b465ee728b)  -> (artifact id: '1aa6a0d89d5824caaa222bdcb6710ae1') in 0.005901 seconds
  Import took 0.007578 seconds .

========================================================================
Received Import Request.
  Time since last request: 5.427211 seconds.
  path: Assets/Prefabs
  artifactKey: Guid(870e2096c7da7224a906890d80e1c615) Importer(815301076,1909f56bfc062723c751e8b465ee728b)
Start importing Assets/Prefabs using Guid(870e2096c7da7224a906890d80e1c615) Importer(815301076,1909f56bfc062723c751e8b465ee728b)  -> (artifact id: '2f4985106f8a6fc162aa7c505c86cf74') in 0.006123 seconds
  Import took 0.007782 seconds .

AssetImportWorkerClient::OnTransportError - code=2 error=End of file
